Grammar

    0 $accept: thesaurus $end

    1 thesaurus: options conceitos

    2 options: options OPT args
    3        | /* empty */

    4 args: RELATION args
    5     | RELATION

    6 conceitos: conceitos CONCEITO relations
    7          | /* empty */

    8 relations: RELATION termos
    9          | relations RELATION termos

   10 termos: TERMO ',' termos
   11       | TERMO


Terminals, with rules where they appear

$end (0) 0
',' (44) 10
error (256)
OPT (258) 2
CONCEITO (259) 6
RELATION (260) 4 5 8 9
TERMO (261) 10 11


Nonterminals, with rules where they appear

$accept (8)
    on left: 0
thesaurus (9)
    on left: 1, on right: 0
options (10)
    on left: 2 3, on right: 1 2
args (11)
    on left: 4 5, on right: 2 4
conceitos (12)
    on left: 6 7, on right: 1 6
relations (13)
    on left: 8 9, on right: 6 9
termos (14)
    on left: 10 11, on right: 8 9 10


state 0

    0 $accept: . thesaurus $end

    $default  reduce using rule 3 (options)

    thesaurus  go to state 1
    options    go to state 2


state 1

    0 $accept: thesaurus . $end

    $end  shift, and go to state 3


state 2

    1 thesaurus: options . conceitos
    2 options: options . OPT args

    OPT  shift, and go to state 4

    $default  reduce using rule 7 (conceitos)

    conceitos  go to state 5


state 3

    0 $accept: thesaurus $end .

    $default  accept


state 4

    2 options: options OPT . args

    RELATION  shift, and go to state 6

    args  go to state 7


state 5

    1 thesaurus: options conceitos .
    6 conceitos: conceitos . CONCEITO relations

    CONCEITO  shift, and go to state 8

    $default  reduce using rule 1 (thesaurus)


state 6

    4 args: RELATION . args
    5     | RELATION .

    RELATION  shift, and go to state 6

    $default  reduce using rule 5 (args)

    args  go to state 9


state 7

    2 options: options OPT args .

    $default  reduce using rule 2 (options)


state 8

    6 conceitos: conceitos CONCEITO . relations

    RELATION  shift, and go to state 10

    relations  go to state 11


state 9

    4 args: RELATION args .

    $default  reduce using rule 4 (args)


state 10

    8 relations: RELATION . termos

    TERMO  shift, and go to state 12

    termos  go to state 13


state 11

    6 conceitos: conceitos CONCEITO relations .
    9 relations: relations . RELATION termos

    RELATION  shift, and go to state 14

    $default  reduce using rule 6 (conceitos)


state 12

   10 termos: TERMO . ',' termos
   11       | TERMO .

    ','  shift, and go to state 15

    $default  reduce using rule 11 (termos)


state 13

    8 relations: RELATION termos .

    $default  reduce using rule 8 (relations)


state 14

    9 relations: relations RELATION . termos

    TERMO  shift, and go to state 12

    termos  go to state 16


state 15

   10 termos: TERMO ',' . termos

    TERMO  shift, and go to state 12

    termos  go to state 17


state 16

    9 relations: relations RELATION termos .

    $default  reduce using rule 9 (relations)


state 17

   10 termos: TERMO ',' termos .

    $default  reduce using rule 10 (termos)
